<?xml version="1.0" encoding="utf-8"?><testsuites name="pytest tests"><testsuite name="pytest" errors="0" failures="0" skipped="0" tests="9" time="29.391" timestamp="2025-07-05T23:57:11.314080+03:00" hostname="DESKTOP-PR5A4LU"><testcase classname="tests.ui.test_login_page.TestLoginPage" name="test_1_login_fail" time="3.228" /><testcase classname="tests.ui.test_login_page.TestLoginPage" name="test_2_missing_username" time="0.408" /><testcase classname="tests.ui.test_login_page.TestLoginPage" name="test_3_login_success" time="3.483" /><testcase classname="tests.ui.test_welcome_page.TestWelcomePage" name="test_1_search_for_cream" time="5.100" /><testcase classname="tests.ui.test_welcome_page.TestWelcomePage" name="test_2_logo_click" time="1.464" /><testcase classname="tests.ui.test_welcome_page.TestWelcomePage" name="test_3_language_element" time="1.752" /><testcase classname="tests.ui.test_welcome_page.TestWelcomePage" name="test_4_change_language" time="4.990" /><testcase classname="tests.ui.test_welcome_page.TestWelcomePage" name="test_5_signup_page" time="2.354" /><testcase classname="tests.ui.test_welcome_page.TestWelcomePage" name="test_6_login_page" time="6.323" /></testsuite></testsuites>