<?xml version="1.0" encoding="utf-8"?><testsuites name="pytest tests"><testsuite name="pytest" errors="0" failures="0" skipped="0" tests="9" time="29.056" timestamp="2025-07-14T00:27:42.094001+03:00" hostname="DESKTOP-PR5A4LU"><testcase classname="tests.ui.test_login_page.TestLoginPage" name="test_1_login_fail" time="3.547" /><testcase classname="tests.ui.test_login_page.TestLoginPage" name="test_2_missing_username" time="0.265" /><testcase classname="tests.ui.test_login_page.TestLoginPage" name="test_3_login_success" time="3.520" /><testcase classname="tests.ui.test_welcome_page.TestWelcomePage" name="test_1_search_for_cream" time="4.946" /><testcase classname="tests.ui.test_welcome_page.TestWelcomePage" name="test_2_logo_click" time="1.495" /><testcase classname="tests.ui.test_welcome_page.TestWelcomePage" name="test_3_language_element" time="1.847" /><testcase classname="tests.ui.test_welcome_page.TestWelcomePage" name="test_4_change_language" time="4.599" /><testcase classname="tests.ui.test_welcome_page.TestWelcomePage" name="test_5_signup_page" time="2.414" /><testcase classname="tests.ui.test_welcome_page.TestWelcomePage" name="test_6_login_page" time="6.150" /></testsuite></testsuites>